<?xml version="1.0" encoding="UTF-8"?>
<!-- Generated by org.testng.reporters.JUnitReportReporter -->
<testsuite skipped="0" hostname="DESKTOP-08R23HG" name="test" tests="1" failures="0" timestamp="29 Jul 2017 09:39:44 GMT" time="0.030" errors="0">
  <testcase name="testgoogle" time="0.030" classname="test"/>
</testsuite> <!-- test -->
